<?xml version="1.0" encoding="UTF-8"?>
<testsuite name="app.test.RandomYutThrowStrategyTest" tests="6" skipped="0" failures="0" errors="0" timestamp="2025-05-28T07:14:22.909Z" hostname="huiminui-noteubug.local" time="0.016">
  <properties/>
  <testcase name="testThrowYut_DO_whenOneTrue()" classname="app.test.RandomYutThrowStrategyTest" time="0.009"/>
  <testcase name="testThrowYut_GEOL_whenThreeTrues()" classname="app.test.RandomYutThrowStrategyTest" time="0.0"/>
  <testcase name="testThrowYut_YUT_whenFourTrues()" classname="app.test.RandomYutThrowStrategyTest" time="0.0"/>
  <testcase name="testThrowYut_GAE_whenTwoTrues()" classname="app.test.RandomYutThrowStrategyTest" time="0.0"/>
  <testcase name="testThrowYut_MultipleRunsCoverAllCases()" classname="app.test.RandomYutThrowStrategyTest" time="0.001"/>
  <testcase name="testThrowYut_MO_whenZeroTrues()" classname="app.test.RandomYutThrowStrategyTest" time="0.001"/>
  <system-out><![CDATA[]]></system-out>
  <system-err><![CDATA[]]></system-err>
</testsuite>
